BILLY LOG FILE FOR m
TEST01 - METHANE C-H 1.08945
Total no. of iterations: 1
Sat Mar 21 15:37:54 GMT 1998
OPTIMIZATION CYCLE 1
Optimized at 20% scan range.
Energy of unoptimized system is -3.968022900531E+01
Processing parameter 1
Initial value: 0.7
Data analysis: 
 X,Y,YFIT=     0.560000000   -39.674559228   -39.675349688
 X,Y,YFIT=     0.606667000   -39.723158013   -39.721251375
 X,Y,YFIT=     0.653333000   -39.719449421   -39.719891122
 X,Y,YFIT=     0.700000000   -39.680229005   -39.681719247
 X,Y,YFIT=     0.746667000   -39.617097403   -39.617185877
 X,Y,YFIT=     0.793333000   -39.538367450   -39.536743395
 X,Y,YFIT=     0.840000000   -39.450118918   -39.450838734
 RMS DEVIATION=    1.18560E-03
 MINIMUM AT X=       0.6280170
 Y AT MINIMUM=      -39.7258638960
Finished. Proposed optimum value = 0.6280170
Previous energy was -3.968022900531E+01
      New energy is -3.972678885578E+01
Optimum parameter therefore lowers the energy.
Inserting the value in remaining input files.
SUMMARY
=======
No. of minima not found                  :   0
Initial energy                           :  -3.968022900531E+01
Final energy                             :  -3.972678885578E+01
Optimized input file:  m.opt
Optimized input file with asterisks: m.opt_ast
Sat Mar 21 15:38:23 GMT 1998
BILLY STOP.
